<?xml version="1.0" encoding="UTF-8"?>
<robot generator="Robot 7.3.2 (Python 3.13.7 on win32)" generated="2025-09-09T11:45:29.087872" rpa="false" schemaversion="5">
<suite id="s1" name="Amazon Testes" source="c:\CursoUdemy\RobotFramework\Webtesting\amazon_testes.robot">
<test id="s1-t1" name="Caso de Teste 03 - Adicionar Produto no Carrinho" line="28">
<kw name=" Abrir o navegador" owner="amazon_resources" type="SETUP">
<kw name="Open Browser" owner="SeleniumLibrary">
<msg time="2025-09-09T11:45:29.518128" level="INFO">Opening browser 'chrome' to base url 'None'.</msg>
<arg>browser=chrome</arg>
<arg>options=add_experimental_option("detach", True)</arg>
<doc>Opens a new browser instance to the optional ``url``.</doc>
<status status="PASS" start="2025-09-09T11:45:29.517732" elapsed="1.196262"/>
</kw>
<kw name="Maximize Browser Window" owner="SeleniumLibrary">
<doc>Maximizes current browser window.</doc>
<status status="PASS" start="2025-09-09T11:45:30.714378" elapsed="0.035029"/>
</kw>
<status status="PASS" start="2025-09-09T11:45:29.516657" elapsed="1.233055"/>
</kw>
<kw name="Acessar a home page do site Amazon.com.br" owner="amazon_resources">
<kw name="Go To" owner="SeleniumLibrary">
<msg time="2025-09-09T11:45:30.751779" level="INFO">Opening url 'https://www.amazon.com.br/'</msg>
<arg>url=${URL}</arg>
<doc>Navigates the current browser window to the provided ``url``.</doc>
<status status="PASS" start="2025-09-09T11:45:30.751281" elapsed="0.716258"/>
</kw>
<kw name="Wait Until Element Is Visible" owner="SeleniumLibrary">
<arg>locator=${MENU ELETONICOS}</arg>
<doc>Waits until the element ``locator`` is visible.</doc>
<status status="PASS" start="2025-09-09T11:45:31.468080" elapsed="2.858030"/>
</kw>
<status status="PASS" start="2025-09-09T11:45:30.750488" elapsed="3.575885"/>
</kw>
<kw name="Digitar o nome de produto &quot;Xbox Series S&quot; no campo de pesquisa" owner="amazon_resources" source_name=" Digitar o nome de produto &quot;${PRODUTO}&quot; no campo de pesquisa">
<kw name="Input Text" owner="SeleniumLibrary">
<msg time="2025-09-09T11:45:34.328133" level="INFO">Typing text 'Xbox Series S' into text field '//input[contains(@type,'text')]'.</msg>
<arg>locator=${BARRA_PESQUISA}</arg>
<arg>text=${PRODUTO}</arg>
<doc>Types the given ``text`` into the text field identified by ``locator``.</doc>
<status status="PASS" start="2025-09-09T11:45:34.327655" elapsed="0.325575"/>
</kw>
<status status="PASS" start="2025-09-09T11:45:34.327125" elapsed="0.326350"/>
</kw>
<kw name="Clicar no botão de pesquisa" owner="amazon_resources">
<kw name="Click Button" owner="SeleniumLibrary">
<msg time="2025-09-09T11:45:34.655407" level="INFO">Clicking button '//input[contains(@type,'submit')]'.</msg>
<arg>locator=${Botao_PESQUISA}</arg>
<doc>Clicks the button identified by ``locator``.</doc>
<status status="PASS" start="2025-09-09T11:45:34.654854" elapsed="1.954942"/>
</kw>
<status status="PASS" start="2025-09-09T11:45:34.654150" elapsed="1.955881"/>
</kw>
<kw name="Verificar o resultado da pesquisa se está listando o produto &quot;Xbox Series S&quot;" owner="amazon_resources" source_name="Verificar o resultado da pesquisa se está listando o produto &quot;${PRODUTO}&quot;">
<kw name="Acessar a home page do site Amazon.com.br" owner="amazon_resources">
<kw name="Go To" owner="SeleniumLibrary">
<msg time="2025-09-09T11:45:36.611930" level="INFO">Opening url 'https://www.amazon.com.br/'</msg>
<arg>url=${URL}</arg>
<doc>Navigates the current browser window to the provided ``url``.</doc>
<status status="PASS" start="2025-09-09T11:45:36.611644" elapsed="1.530202"/>
</kw>
<kw name="Wait Until Element Is Visible" owner="SeleniumLibrary">
<arg>locator=${MENU ELETONICOS}</arg>
<doc>Waits until the element ``locator`` is visible.</doc>
<status status="PASS" start="2025-09-09T11:45:38.142197" elapsed="0.126597"/>
</kw>
<status status="PASS" start="2025-09-09T11:45:36.611229" elapsed="1.657814"/>
</kw>
<kw name="Input Text" owner="SeleniumLibrary">
<msg time="2025-09-09T11:45:38.269711" level="INFO">Typing text 'Xbox Series S' into text field '//input[contains(@type,'text')]'.</msg>
<arg>locator=${BARRA_PESQUISA}</arg>
<arg>text=${PRODUTO}</arg>
<doc>Types the given ``text`` into the text field identified by ``locator``.</doc>
<status status="PASS" start="2025-09-09T11:45:38.269292" elapsed="0.284469"/>
</kw>
<kw name="Click Button" owner="SeleniumLibrary">
<msg time="2025-09-09T11:45:38.554664" level="INFO">Clicking button '//input[contains(@type,'submit')]'.</msg>
<arg>locator=${Botao_PESQUISA}</arg>
<doc>Clicks the button identified by ``locator``.</doc>
<status status="PASS" start="2025-09-09T11:45:38.554104" elapsed="1.728393"/>
</kw>
<kw name="Verificaro resultado da pesquisa, listando o produto pesquisado" owner="amazon_resources">
<kw name="Wait Until Page Contains" owner="SeleniumLibrary">
<arg>text="Xbox Series S"</arg>
<doc>Waits until ``text`` appears on the current page.</doc>
<status status="PASS" start="2025-09-09T11:45:40.283243" elapsed="0.032677"/>
</kw>
<status status="PASS" start="2025-09-09T11:45:40.282821" elapsed="0.033331"/>
</kw>
<status status="PASS" start="2025-09-09T11:45:36.610605" elapsed="3.705680"/>
</kw>
<kw name="Adicionar o produto &quot;Xbox Series S&quot; no carrinho" owner="amazon_resources">
<kw name="Click Element" owner="SeleniumLibrary">
<msg time="2025-09-09T11:45:40.317744" level="INFO">Clicking element '(//a[contains(.,'Xbox Series S')])[3]'.</msg>
<arg>locator=(//a[contains(.,'Xbox Series S')])[3]</arg>
<doc>Click the element identified by ``locator``.</doc>
<status status="PASS" start="2025-09-09T11:45:40.317429" elapsed="2.621906"/>
</kw>
<kw name="Wait Until Element Is Visible" owner="SeleniumLibrary">
<arg>locator=//span[@class='a-size-large product-title-word-break'][contains(.,'Console Xbox Series S')]</arg>
<doc>Waits until the element ``locator`` is visible.</doc>
<status status="PASS" start="2025-09-09T11:45:42.939716" elapsed="0.027974"/>
</kw>
<kw name="Click Button" owner="SeleniumLibrary">
<msg time="2025-09-09T11:45:42.968339" level="INFO">Clicking button '//input[contains(@name,'submit.add-to-cart')]'.</msg>
<arg>locator=//input[contains(@name,'submit.add-to-cart')]</arg>
<doc>Clicks the button identified by ``locator``.</doc>
<status status="PASS" start="2025-09-09T11:45:42.968013" elapsed="0.233398"/>
</kw>
<status status="PASS" start="2025-09-09T11:45:40.316963" elapsed="2.884697"/>
</kw>
<kw name="Verificar se o produto &quot;Console Xbox Series S&quot; foi adicionado com sucesso" owner="amazon_resources" source_name="Verificar se o produto &quot;${PRODUTO}&quot; foi adicionado com sucesso">
<kw name="Click Element" owner="SeleniumLibrary">
<msg time="2025-09-09T11:45:43.203546" level="INFO">Clicking element '//a[contains(@class,'nav-logo-link nav-progressive-attribute')]'.</msg>
<arg>locator=//a[contains(@class,'nav-logo-link nav-progressive-attribute')]</arg>
<doc>Click the element identified by ``locator``.</doc>
<status status="PASS" start="2025-09-09T11:45:43.203086" elapsed="1.890016"/>
</kw>
<kw name="Click Element" owner="SeleniumLibrary">
<msg time="2025-09-09T11:45:45.093776" level="INFO">Clicking element '//a[@href='/gp/cart/view.html?ref_=nav_cart']'.</msg>
<arg>locator=//a[@href='/gp/cart/view.html?ref_=nav_cart']</arg>
<doc>Click the element identified by ``locator``.</doc>
<status status="PASS" start="2025-09-09T11:45:45.093430" elapsed="1.119586"/>
</kw>
<kw name="Wait Until Page Contains" owner="SeleniumLibrary">
<arg>text=${PRODUTO}</arg>
<doc>Waits until ``text`` appears on the current page.</doc>
<status status="PASS" start="2025-09-09T11:45:46.213426" elapsed="0.031158"/>
</kw>
<status status="PASS" start="2025-09-09T11:45:43.202532" elapsed="3.042292"/>
</kw>
<kw name="Fechar o navegador" owner="amazon_resources" type="TEARDOWN">
<kw name="Capture Page Screenshot" owner="SeleniumLibrary">
<msg time="2025-09-09T11:45:46.520376" level="INFO" html="true">&lt;/td&gt;&lt;/tr&gt;&lt;tr&gt;&lt;td colspan="3"&gt;&lt;a href="selenium-screenshot-101.png"&gt;&lt;img src="selenium-screenshot-101.png" width="800px"&gt;&lt;/a&gt;</msg>
<doc>Takes a screenshot of the current page and embeds it into a log file.</doc>
<status status="PASS" start="2025-09-09T11:45:46.246112" elapsed="0.274984"/>
</kw>
<kw name="Close Browser" owner="SeleniumLibrary">
<doc>Closes the current browser.</doc>
<status status="PASS" start="2025-09-09T11:45:46.521611" elapsed="2.232313"/>
</kw>
<status status="PASS" start="2025-09-09T11:45:46.245612" elapsed="2.508558"/>
</kw>
<doc>Esse teste verifica a adição de um produto no carrinho de compras</doc>
<tag>adicionar_carrinho</tag>
<status status="PASS" start="2025-09-09T11:45:29.515322" elapsed="19.239364"/>
</test>
<doc>Essa suite teste o site da Amazon.com.busca_produtos</doc>
<status status="PASS" start="2025-09-09T11:45:29.094211" elapsed="19.661998"/>
</suite>
<statistics>
<total>
<stat pass="1" fail="0" skip="0">All Tests</stat>
</total>
<tag>
<stat pass="1" fail="0" skip="0">adicionar_carrinho</stat>
</tag>
<suite>
<stat name="Amazon Testes" id="s1" pass="1" fail="0" skip="0">Amazon Testes</stat>
</suite>
</statistics>
<errors>
</errors>
</robot>
